build/app/outputs/mapping/release/mapping.txt
# compiler: R8
# compiler_version: 1.5.69
# min_api: 16
# pg_map_id: 3fe1bf7
...
io.grpc.android.AndroidChannelBuilder$AndroidChannel$DefaultNetworkCallback -> c.b.j1.a$b$c:
    io.grpc.android.AndroidChannelBuilder$AndroidChannel this$0 -> b
    boolean isConnected -> a
io.grpc.android.AndroidChannelBuilder$AndroidChannel$NetworkReceiver -> c.b.j1.a$b$d:
    io.grpc.android.AndroidChannelBuilder$AndroidChannel this$0 -> b
    boolean isConnected -> a
io.grpc.internal.AbstractClientStream -> c.b.k1.a:
    io.grpc.internal.TransportTracer transportTracer -> a
    java.util.logging.Logger log -> f
    io.grpc.internal.Framer framer -> b
    boolean shouldBeCountedForInUse -> c
    boolean useGet -> d
    io.grpc.Metadata headers -> e
    void appendTimeoutInsight(io.grpc.internal.InsightBuilder) -> a
    void cancel(io.grpc.Status) -> a
    void deliverFrame(io.grpc.internal.WritableBuffer,boolean,boolean,int) -> a
    void halfClose() -> a
    void setDeadline(io.grpc.Deadline) -> a
    void setDecompressorRegistry(io.grpc.DecompressorRegistry) -> a
    void setFullStreamDecompression(boolean) -> a
    void setMaxOutboundMessageSize(int) -> a
    void start(io.grpc.internal.ClientStreamListener) -> a
    void request(int) -> b
    void setMaxInboundMessageSize(int) -> c
    io.grpc.internal.Framer framer() -> d
    io.grpc.internal.AbstractClientStream$TransportState transportState() -> e
    io.grpc.internal.AbstractStream$TransportState transportState() -> e
    io.grpc.internal.AbstractClientStream$Sink abstractClientStreamSink() -> f
    io.grpc.internal.TransportTracer getTransportTracer() -> g
    boolean shouldBeCountedForInUse() -> h
    java.util.logging.Logger access$300() -> i
io.grpc.internal.AbstractClientStream$GetFramer -> c.b.k1.a$a:
    io.grpc.internal.StatsTraceContext statsTraceCtx -> c
    io.grpc.internal.AbstractClientStream this$0 -> e
    io.grpc.Metadata headers -> a
    byte[] payload -> d
    boolean closed -> b
    boolean isClosed() -> a
    io.grpc.internal.Framer setCompressor(io.grpc.Compressor) -> a
    void setMaxOutboundMessageSize(int) -> a
    void writePayload(java.io.InputStream) -> a
io.grpc.internal.AbstractClientStream$Sink -> c.b.k1.a$b:
    void cancel(io.grpc.Status) -> a
    void writeFrame(io.grpc.internal.WritableBuffer,boolean,boolean,int) -> a
    void writeHeaders(io.grpc.Metadata,byte[]) -> a
    void request(int) -> b
io.grpc.internal.AbstractClientStream$TransportState -> c.b.k1.a$c:
    io.grpc.DecompressorRegistry decompressorRegistry -> m
    boolean deframerClosed -> n
    io.grpc.internal.ClientStreamListener listener -> k
    boolean outboundClosed -> p
    boolean listenerClosed -> j
    boolean fullStreamDecompression -> l
    io.grpc.internal.StatsTraceContext statsTraceCtx -> i
    boolean statusReported -> q
    boolean statusReportedIsOk -> r
    java.lang.Runnable deframerClosedTask -> o
    void access$000(io.grpc.internal.AbstractClientStream$TransportState,boolean) -> a
    void access$100(io.grpc.internal.AbstractClientStream$TransportState,io.grpc.DecompressorRegistry) -> a
    void access$200(io.grpc.internal.AbstractClientStream$TransportState) -> a
    void access$400(io.grpc.internal.AbstractClientStream$TransportState,io.grpc.Status,io.grpc.internal.ClientStreamListener$RpcProgress,io.grpc.Metadata) -> a
    void closeListener(io.grpc.Status,io.grpc.internal.ClientStreamListener$RpcProgress,io.grpc.Metadata) -> a
    void deframerClosed(boolean) -> a
    void inboundHeadersReceived(io.grpc.Metadata) -> a
    void inboundTrailersReceived(io.grpc.Metadata,io.grpc.Status) -> a
    void setDecompressorRegistry(io.grpc.DecompressorRegistry) -> a
    void setListener(io.grpc.internal.ClientStreamListener) -> a
    void transportReportStatus(io.grpc.Status,io.grpc.internal.ClientStreamListener$RpcProgress,boolean,io.grpc.Metadata) -> a